TN:
SF:/Users/u/Documents/WiHermes/EslavaDeverse/EslavaDeverse-db/index.js
FN:9,(anonymous_0)
FNF:1
FNH:1
FNDA:9,(anonymous_0)
DA:3,9
DA:4,9
DA:5,9
DA:6,9
DA:7,9
DA:9,9
DA:10,9
DA:22,9
DA:23,9
DA:24,9
DA:28,9
DA:29,9
DA:34,9
DA:37,9
DA:38,0
DA:41,9
DA:42,9
DA:44,9
LF:18
LH:17
BRDA:37,0,0,0
BRDA:37,0,1,9
BRF:2
BRH:1
end_of_record
TN:
SF:/Users/u/Documents/WiHermes/EslavaDeverse/EslavaDeverse-db/lib/agent.js
FN:3,setupAgent
FN:4,findById
FN:8,createOrUpdate
FN:26,findByUuid
FN:34,findAll
FN:38,findConnected
FN:46,findByUsername
FNF:7
FNH:7
FNDA:9,setupAgent
FNDA:1,findById
FNDA:2,createOrUpdate
FNDA:1,findByUuid
FNDA:1,findAll
FNDA:1,findConnected
FNDA:1,findByUsername
DA:3,1
DA:5,1
DA:9,2
DA:15,2
DA:17,2
DA:18,1
DA:19,1
DA:22,1
DA:23,1
DA:27,1
DA:35,1
DA:39,1
DA:47,1
DA:55,9
LF:14
LH:14
BRDA:17,0,0,1
BRDA:17,0,1,1
BRDA:19,1,0,1
BRDA:19,1,1,0
BRF:4
BRH:3
end_of_record
TN:
SF:/Users/u/Documents/WiHermes/EslavaDeverse/EslavaDeverse-db/lib/db.js
FN:6,setupDatabase
FNF:1
FNH:1
FNDA:9,setupDatabase
DA:3,1
DA:4,1
DA:6,1
DA:7,9
DA:8,1
DA:10,9
LF:6
LH:6
BRDA:7,0,0,1
BRDA:7,0,1,8
BRF:2
BRH:2
end_of_record
TN:
SF:/Users/u/Documents/WiHermes/EslavaDeverse/EslavaDeverse-db/models/agent.js
FN:6,setupAgentModel
FNF:1
FNH:0
FNDA:0,setupAgentModel
DA:3,1
DA:4,1
DA:6,1
DA:7,0
DA:9,0
LF:5
LH:3
BRF:0
BRH:0
end_of_record
TN:
SF:/Users/u/Documents/WiHermes/EslavaDeverse/EslavaDeverse-db/models/metric.js
FN:6,setupMetricModel
FNF:1
FNH:0
FNDA:0,setupMetricModel
DA:3,1
DA:4,1
DA:6,1
DA:7,0
DA:9,0
LF:5
LH:3
BRF:0
BRH:0
end_of_record
TN:
SF:/Users/u/Documents/WiHermes/EslavaDeverse/EslavaDeverse-db/tests/fixtures/agent.js
FN:24,extend
FN:33,(anonymous_1)
FN:34,(anonymous_2)
FN:35,(anonymous_3)
FN:35,(anonymous_4)
FN:36,(anonymous_5)
FN:36,(anonymous_6)
FNF:7
FNH:7
FNDA:5,extend
FNDA:6,(anonymous_1)
FNDA:6,(anonymous_2)
FNDA:10,(anonymous_3)
FNDA:60,(anonymous_4)
FNDA:10,(anonymous_5)
FNDA:60,(anonymous_6)
DA:3,1
DA:15,1
DA:25,5
DA:26,5
DA:30,1
DA:33,6
DA:34,6
DA:35,60
DA:36,60
LF:9
LH:9
BRF:0
BRH:0
end_of_record
