TN:
SF:/Users/danielalejandroeslavaherrera/Documents/Proyectos/EslavaDeverse/EslavaDeverse-db/index.js
FN:10,(anonymous_0)
FNF:1
FNH:1
FNDA:14,(anonymous_0)
DA:3,14
DA:4,14
DA:5,14
DA:6,14
DA:7,14
DA:8,14
DA:10,14
DA:11,14
DA:23,14
DA:24,14
DA:25,14
DA:29,14
DA:30,14
DA:35,14
DA:38,14
DA:39,0
DA:42,14
DA:43,14
DA:45,14
LF:19
LH:18
BRDA:38,0,0,0
BRDA:38,0,1,14
BRF:2
BRH:1
end_of_record
TN:
SF:/Users/danielalejandroeslavaherrera/Documents/Proyectos/EslavaDeverse/EslavaDeverse-db/lib/agent.js
FN:3,setupAgent
FN:4,findById
FN:8,createOrUpdate
FN:26,findByUuid
FN:34,findAll
FN:38,findConnected
FN:46,findByUsername
FNF:7
FNH:7
FNDA:14,setupAgent
FNDA:1,findById
FNDA:2,createOrUpdate
FNDA:1,findByUuid
FNDA:1,findAll
FNDA:1,findConnected
FNDA:1,findByUsername
DA:3,2
DA:5,1
DA:9,2
DA:15,2
DA:17,2
DA:18,1
DA:19,1
DA:22,1
DA:23,1
DA:27,1
DA:35,1
DA:39,1
DA:47,1
DA:55,14
LF:14
LH:14
BRDA:17,0,0,1
BRDA:17,0,1,1
BRDA:19,1,0,1
BRDA:19,1,1,0
BRF:4
BRH:3
end_of_record
TN:
SF:/Users/danielalejandroeslavaherrera/Documents/Proyectos/EslavaDeverse/EslavaDeverse-db/lib/db.js
FN:6,setupDatabase
FNF:1
FNH:1
FNDA:14,setupDatabase
DA:3,2
DA:4,2
DA:6,2
DA:7,14
DA:8,2
DA:10,14
LF:6
LH:6
BRDA:7,0,0,2
BRDA:7,0,1,12
BRF:2
BRH:2
end_of_record
TN:
SF:/Users/danielalejandroeslavaherrera/Documents/Proyectos/EslavaDeverse/EslavaDeverse-db/lib/metric.js
FN:3,setupMetric
FN:4,findByAgentUuid
FN:20,findByTypeAgentUuid
FN:39,create
FNF:4
FNH:4
FNDA:14,setupMetric
FNDA:1,findByAgentUuid
FNDA:1,findByTypeAgentUuid
FNDA:1,create
DA:3,2
DA:5,1
DA:17,0
DA:21,1
DA:40,1
DA:44,1
DA:45,1
DA:46,1
DA:47,1
DA:51,14
LF:10
LH:9
BRDA:44,0,0,1
BRDA:44,0,1,0
BRF:2
BRH:1
end_of_record
TN:
SF:/Users/danielalejandroeslavaherrera/Documents/Proyectos/EslavaDeverse/EslavaDeverse-db/models/agent.js
FN:6,setupAgentModel
FNF:1
FNH:0
FNDA:0,setupAgentModel
DA:3,2
DA:4,2
DA:6,2
DA:7,0
DA:9,0
LF:5
LH:3
BRF:0
BRH:0
end_of_record
TN:
SF:/Users/danielalejandroeslavaherrera/Documents/Proyectos/EslavaDeverse/EslavaDeverse-db/models/metric.js
FN:6,setupMetricModel
FNF:1
FNH:0
FNDA:0,setupMetricModel
DA:3,2
DA:4,2
DA:6,2
DA:7,0
DA:9,0
LF:5
LH:3
BRF:0
BRH:0
end_of_record
TN:
SF:/Users/danielalejandroeslavaherrera/Documents/Proyectos/EslavaDeverse/EslavaDeverse-db/tests/fixtures/agent.js
FN:24,extend
FN:32,(anonymous_1)
FN:33,(anonymous_2)
FN:34,(anonymous_3)
FN:34,(anonymous_4)
FN:35,(anonymous_5)
FN:35,(anonymous_6)
FNF:7
FNH:7
FNDA:10,extend
FNDA:12,(anonymous_1)
FNDA:12,(anonymous_2)
FNDA:18,(anonymous_3)
FNDA:108,(anonymous_4)
FNDA:10,(anonymous_5)
FNDA:60,(anonymous_6)
DA:3,2
DA:15,2
DA:25,10
DA:26,10
DA:29,2
DA:32,12
DA:33,12
DA:34,108
DA:35,60
LF:9
LH:9
BRF:0
BRH:0
end_of_record
TN:
SF:/Users/danielalejandroeslavaherrera/Documents/Proyectos/EslavaDeverse/EslavaDeverse-db/tests/fixtures/metric.js
FN:23,extend
FN:27,findByAgentUuid
FN:28,(anonymous_2)
FN:29,(anonymous_3)
FN:41,findByTypeAgentUuid
FN:42,(anonymous_5)
FN:43,(anonymous_6)
FN:53,sortBy
FN:54,(anonymous_8)
FNF:9
FNH:1
FNDA:5,extend
FNDA:0,findByAgentUuid
FNDA:0,(anonymous_2)
FNDA:0,(anonymous_3)
FNDA:0,findByTypeAgentUuid
FNDA:0,(anonymous_5)
FNDA:0,(anonymous_6)
FNDA:0,sortBy
FNDA:0,(anonymous_8)
DA:3,1
DA:5,1
DA:14,1
DA:24,5
DA:25,5
DA:28,0
DA:30,0
DA:31,0
DA:32,0
DA:33,0
DA:34,0
DA:35,0
DA:37,0
DA:42,0
DA:44,0
DA:46,0
DA:47,0
DA:48,0
DA:54,0
DA:55,0
DA:56,0
DA:58,0
DA:59,0
DA:60,0
DA:61,0
DA:63,0
DA:68,1
LF:27
LH:6
BRDA:42,0,0,0
BRDA:42,0,1,0
BRDA:58,1,0,0
BRDA:58,1,1,0
BRDA:60,2,0,0
BRDA:60,2,1,0
BRF:6
BRH:0
end_of_record
